#
# There is insufficient memory for the Java Runtime Environment to continue.
# Native memory allocation (mmap) failed to map 232783872 bytes. Error detail: G1 virtual space
# Possible reasons:
#   The system is out of physical RAM or swap space
#   This process is running with CompressedOops enabled, and the Java Heap may be blocking the growth of the native heap
# Possible solutions:
#   Reduce memory load on the system
#   Increase physical memory or swap space
#   Check if swap backing store is full
#   Decrease Java heap size (-Xmx/-Xms)
#   Decrease number of Java threads
#   Decrease Java thread stack sizes (-Xss)
#   Set larger code cache with -XX:ReservedCodeCacheSize=
#   JVM is running with Zero Based Compressed Oops mode in which the Java heap is
#     placed in the first 32GB address space. The Java Heap base address is the
#     maximum limit for the native heap growth. Please use -XX:HeapBaseMinAddress
#     to set the Java Heap base and to place the Java Heap above 32GB virtual address.
# This output file may be truncated or incomplete.
#
#  Out of Memory Error (os_windows.cpp:3554), pid=2648, tid=15188
#
# JRE version:  (25.0+36) (build )
# Java VM: OpenJDK 64-Bit Server VM (25+36-LTS, mixed mode, sharing, tiered, compressed oops, compressed class ptrs, g1 gc, windows-amd64)
# No core dump will be written. Minidumps are not enabled by default on client versions of Windows
#

---------------  S U M M A R Y ------------

Command Line: 

Host: AMD Ryzen 5 5625U with Radeon Graphics         , 12 cores, 13G,  Windows 11 , 64 bit Build 26100 (10.0.26100.8328)
Time: Sun May 17 15:51:26 2026 India Standard Time elapsed time: 2.098997 seconds (0d 0h 0m 2s)

---------------  T H R E A D  ---------------

Current thread (0x000001509c97fc80):  JavaThread "Unknown thread" [_thread_in_vm, id=15188, stack(0x0000001c1f700000,0x0000001c1f800000) (1024K)]

Stack: [0x0000001c1f700000,0x0000001c1f800000]
Native frames: (J=compiled Java code, j=interpreted, Vv=VM code, C=native code)
V  [jvm.dll+0x7b5709]  (no source info available)
V  [jvm.dll+0x77f7fd]  (no source info available)
V  [jvm.dll+0xa03623]  (no source info available)
V  [jvm.dll+0xa05a94]  (no source info available)
V  [jvm.dll+0xa06183]  (no source info available)
V  [jvm.dll+0x309456]  (no source info available)
V  [jvm.dll+0x7b1825]  (no source info available)
V  [jvm.dll+0x7a4987]  (no source info available)
V  [jvm.dll+0x3ff9da]  (no source info available)
V  [jvm.dll+0x407946]  (no source info available)
V  [jvm.dll+0x3f3fde]  (no source info available)
V  [jvm.dll+0x3f4298]  (no source info available)
V  [jvm.dll+0x3cb1f2]  (no source info available)
V  [jvm.dll+0x3cbe7e]  (no source info available)
V  [jvm.dll+0x9c8e8f]  (no source info available)
V  [jvm.dll+0x465542]  (no source info available)
V  [jvm.dll+0x9acd0a]  (no source info available)
V  [jvm.dll+0x5076ae]  (no source info available)
V  [jvm.dll+0x509011]  (no source info available)
C  [jli.dll+0x53cd]  (no source info available)
C  [ucrtbase.dll+0x37b0]  (no source info available)
C  [KERNEL32.DLL+0x2e957]  (no source info available)
C  [ntdll.dll+0x427c]  (no source info available)

Lock stack of current Java thread (top to bottom):


---------------  P R O C E S S  ---------------

Threads class SMR info:
_java_thread_list=0x00007ffacf979f48, length=0, elements={
}

Java Threads: ( => current thread )
Total: 0

Other Threads:
  0x000001509ec8aa40 WorkerThread "GC Thread#0"                     [id=23592, stack(0x0000001c1f800000,0x0000001c1f900000) (1024K)]
  0x000001509eca1de0 ConcurrentGCThread "G1 Main Marker"            [id=21244, stack(0x0000001c1f900000,0x0000001c1fa00000) (1024K)]
  0x000001509eca2980 WorkerThread "G1 Conc#0"                       [id=1876, stack(0x0000001c1fa00000,0x0000001c1fb00000) (1024K)]

[error occurred during error reporting (printing all threads), id 0xc0000005, EXCEPTION_ACCESS_VIOLATION (0xc0000005) at pc=0x00007ffacef9feaa]
VM state: not at safepoint (not fully initialized)

VM Mutex/Monitor currently owned by a thread:  ([mutex/lock_event])
[0x00007ffacfa02420] Heap_lock - owner thread: 0x000001509c97fc80

Heap address: 0x0000000722800000, size: 3544 MB, Compressed Oops mode: Zero based, Oop shift amount: 3

CDS archive(s) mapped at: [0x0000000000000000-0x0000000000000000-0x0000000000000000), size 0, SharedBaseAddress: 0x0000000800000000, ArchiveRelocationMode: 1.
UseCompressedClassPointers 1, UseCompactObjectHeaders 0
Narrow klass pointer bits 32, Max shift 3
Narrow klass base: 0xffffffffffffffff, Narrow klass shift: -1
Encoding Range: [0xffffffffffffffff - 0x000000007fffffff), (2147483648 bytes)
Klass Range:    [0x0000000000000000 - 0x0000000000000000), (0 bytes)
Klass ID Range:  [4294967295 - 0) (1)
No protection zone.

GC Precious Log:
 CardTable entry size: 512
 Card Set container configuration: InlinePtr #cards 4 size 8 Array Of Cards #cards 16 size 48 Howl #buckets 8 coarsen threshold 3686 Howl Bitmap #cards 512 size 80 coarsen threshold 460 Card regions per heap region 1 cards per card region 4096

Heap:
 garbage-first heap   total reserved 3629056K, committed 0K, used 0K [0x0000000722800000, 0x0000000800000000)
  region size 2048K, 0 young (0K), 0 survivors (0K)

Heap Regions: E=young(eden), S=young(survivor), O=old, HS=humongous(starts), HC=humongous(continues), CS=collection set, F=free, TAMS=top-at-mark-start, PB=parsable bottom

Card table byte_map: [0x00000150b7350000,0x00000150b7a40000] _byte_map_base: 0x00000150b3a3c000

Marking Bits: (CMBitMap*) 0x000001509ec8b1d0
 Bits: [0x00000150b7a40000, 0x00000150bb1a0000)

GC Heap Usage History (0 events):
No events

Metaspace Usage History (0 events):
No events

Dll operation events (1 events):
Event: 0.047 Loaded shared library C:\Program Files\Zulu\zulu-25\bin\java.dll

Deoptimization events (0 events):
No events

Classes loaded (0 events):
No events

Classes unloaded (0 events):
No events

Classes redefined (0 events):
No events

Internal exceptions (0 events):
No events

VM Operations (0 events):
No events

Memory protections (0 events):
No events

Nmethod flushes (0 events):
No events

Events (0 events):
No events


Dynamic libraries:
0x00007ff72bb50000 - 0x00007ff72bb5e000 	C:\Program Files\Zulu\zulu-25\bin\java.exe
0x00007ffb930e0000 - 0x00007ffb93347000 	C:\Windows\SYSTEM32\ntdll.dll
0x00007ffb90f20000 - 0x00007ffb90fe9000 	C:\Windows\System32\KERNEL32.DLL
0x00007ffb905f0000 - 0x00007ffb909e7000 	C:\Windows\System32\KERNELBASE.dll
0x00007ffb90a20000 - 0x00007ffb90b6b000 	C:\Windows\System32\ucrtbase.dll
0x00007ffb64010000 - 0x00007ffb6402e000 	C:\Program Files\Zulu\zulu-25\bin\VCRUNTIME140.dll
0x00007ffb5d160000 - 0x00007ffb5d176000 	C:\Program Files\Zulu\zulu-25\bin\jli.dll
0x00007ffb920f0000 - 0x00007ffb922b6000 	C:\Windows\System32\USER32.dll
0x00007ffb7ca80000 - 0x00007ffb7cd12000 	C:\Windows\WinSxS\amd64_microsoft.windows.common-controls_6595b64144ccf1df_6.0.26100.8457_none_3e0b2faee331e92d\COMCTL32.dll
0x00007ffb909f0000 - 0x00007ffb90a17000 	C:\Windows\System32\win32u.dll
0x00007ffb90e60000 - 0x00007ffb90f09000 	C:\Windows\System32\msvcrt.dll
0x00007ffb93070000 - 0x00007ffb9309b000 	C:\Windows\System32\GDI32.dll
0x00007ffb90430000 - 0x00007ffb9055c000 	C:\Windows\System32\gdi32full.dll
0x00007ffb90db0000 - 0x00007ffb90e53000 	C:\Windows\System32\msvcp_win.dll
0x00007ffb924b0000 - 0x00007ffb924e2000 	C:\Windows\System32\IMM32.DLL
0x00007ffb78420000 - 0x00007ffb7842c000 	C:\Program Files\Zulu\zulu-25\bin\vcruntime140_1.dll
0x00007ffb0f7e0000 - 0x00007ffb0f86d000 	C:\Program Files\Zulu\zulu-25\bin\msvcp140.dll
0x00007ffacebc0000 - 0x00007ffacfaf1000 	C:\Program Files\Zulu\zulu-25\bin\server\jvm.dll
0x00007ffb91e40000 - 0x00007ffb91ef6000 	C:\Windows\System32\ADVAPI32.dll
0x00007ffb91270000 - 0x00007ffb91317000 	C:\Windows\System32\sechost.dll
0x00007ffb91330000 - 0x00007ffb91448000 	C:\Windows\System32\RPCRT4.dll
0x00007ffb92060000 - 0x00007ffb920e0000 	C:\Windows\System32\WS2_32.dll
0x00007ffb8f990000 - 0x00007ffb8f9ee000 	C:\Windows\SYSTEM32\POWRPROF.dll
0x00007ffb897a0000 - 0x00007ffb897ab000 	C:\Windows\SYSTEM32\VERSION.dll
0x00007ffb88460000 - 0x00007ffb88496000 	C:\Windows\SYSTEM32\WINMM.dll
0x00007ffb8f970000 - 0x00007ffb8f984000 	C:\Windows\SYSTEM32\UMPDC.dll
0x00007ffb8e8a0000 - 0x00007ffb8e8bb000 	C:\Windows\SYSTEM32\kernel.appcore.dll
0x00007ffb77880000 - 0x00007ffb7788a000 	C:\Program Files\Zulu\zulu-25\bin\jimage.dll
0x00007ffb8db10000 - 0x00007ffb8dd52000 	C:\Windows\SYSTEM32\DBGHELP.DLL
0x00007ffb924f0000 - 0x00007ffb92873000 	C:\Windows\System32\combase.dll
0x00007ffb91f00000 - 0x00007ffb91fd9000 	C:\Windows\System32\OLEAUT32.dll
0x00007ffb7e570000 - 0x00007ffb7e5ab000 	C:\Windows\SYSTEM32\dbgcore.DLL
0x00007ffb8fb10000 - 0x00007ffb8fbb8000 	C:\Windows\System32\bcryptPrimitives.dll
0x00007ffb58d80000 - 0x00007ffb58d9e000 	C:\Program Files\Zulu\zulu-25\bin\java.dll
0x00007ffb92ed0000 - 0x00007ffb93067000 	C:\Windows\System32\ole32.dll
0x00007ffb91570000 - 0x00007ffb91cde000 	C:\Windows\System32\SHELL32.dll

JVMTI agents: none

dbghelp: loaded successfully - version: 4.0.5 - missing functions: none
symbol engine: initialized successfully - sym options: 0x614 - pdb path: .;C:\Program Files\Zulu\zulu-25\bin;C:\Windows\SYSTEM32;C:\Windows\WinSxS\amd64_microsoft.windows.common-controls_6595b64144ccf1df_6.0.26100.8457_none_3e0b2faee331e92d;C:\Program Files\Zulu\zulu-25\bin\server

VM Arguments:
java_command: <unknown>
java_class_path (initial): <not set>
Launcher Type: SUN_STANDARD

[Global flags]
     intx CICompilerCount                          = 4                                         {product} {ergonomic}
     uint ConcGCThreads                            = 3                                         {product} {ergonomic}
     uint G1ConcRefinementThreads                  = 10                                        {product} {ergonomic}
   size_t G1HeapRegionSize                         = 2097152                                   {product} {ergonomic}
   size_t InitialHeapSize                          = 232783872                                 {product} {ergonomic}
   size_t MarkStackSize                            = 4194304                                   {product} {ergonomic}
   size_t MarkStackSizeMax                         = 536870912                                 {product} {ergonomic}
   size_t MaxHeapSize                              = 3716153344                                {product} {ergonomic}
   size_t MinHeapDeltaBytes                        = 2097152                                   {product} {ergonomic}
   size_t MinHeapSize                              = 8388608                                   {product} {ergonomic}
    uintx NonNMethodCodeHeapSize                   = 5832704                                {pd product} {ergonomic}
    uintx NonProfiledCodeHeapSize                  = 122945536                              {pd product} {ergonomic}
    uintx ProfiledCodeHeapSize                     = 122880000                              {pd product} {ergonomic}
    uintx ReservedCodeCacheSize                    = 251658240                              {pd product} {ergonomic}
     bool SegmentedCodeCache                       = true                                      {product} {ergonomic}
   size_t SoftMaxHeapSize                          = 3716153344                             {manageable} {ergonomic}
     bool UseCompressedOops                        = true                           {product lp64_product} {ergonomic}
     bool UseG1GC                                  = true                                      {product} {ergonomic}
     bool UseLargePagesIndividualAllocation        = false                                  {pd product} {ergonomic}

Logging:
Log output configuration:
 #0: stdout all=warning uptime,level,tags foldmultilines=false
 #1: stderr all=off uptime,level,tags foldmultilines=false

Release file:
<release file has not been read>
Environment Variables:
PATH=C:\Users\NIRANJANA\AppData\Local\Programs\Microsoft VS Code;C:\Program Files\Zulu\zulu-25\bin\;C:\Windows\system32;C:\Windows;C:\Windows\System32\Wbem;C:\Windows\System32\WindowsPowerShell\v1.0\;C:\Windows\System32\OpenSSH\;C:\Program Files\Git\cmd;C:\Users\NIRANJANA\AppData\Local\Microsoft\WindowsApps;C:\Users\NIRANJANA\AppData\Local\Programs\Microsoft VS Code\bin;C:\Program Files\sf\bin
USERNAME=NIRANJANA
OS=Windows_NT
PROCESSOR_IDENTIFIER=AMD64 Family 25 Model 80 Stepping 0, AuthenticAMD
TMP=C:\Users\NIRANJ~1\AppData\Local\Temp
TEMP=C:\Users\NIRANJ~1\AppData\Local\Temp




Compilation memory statistics disabled.

Periodic native trim disabled

---------------  S Y S T E M  ---------------

OS:
 Windows 11 , 64 bit Build 26100 (10.0.26100.8328)
OS uptime: 0 days 0:40 hours
Hyper-V role detected

CPU: total 12 (initial active 12) (12 cores per cpu, 2 threads per core) family 25 model 80 stepping 0 microcode 0xa500014, cx8, cmov, fxsr, ht, mmx, 3dnowpref, sse, sse2, sse3, ssse3, sse4a, sse4.1, sse4.2, popcnt, lzcnt, tsc, tscinvbit, avx, avx2, aes, erms, clmul, bmi1, bmi2, adx, sha, fma, vzeroupper, clflush, clflushopt, clwb, hv, rdtscp, rdpid, fsrm, f16c, cet_ss
Processor Information for processor 0
  Max Mhz: 2301, Current Mhz: 2010, Mhz Limit: 2301
Processor Information for processor 1
  Max Mhz: 2301, Current Mhz: 2010, Mhz Limit: 2301
Processor Information for processor 2
  Max Mhz: 2301, Current Mhz: 2010, Mhz Limit: 2301
Processor Information for processor 3
  Max Mhz: 2301, Current Mhz: 2010, Mhz Limit: 2301
Processor Information for processor 4
  Max Mhz: 2301, Current Mhz: 2010, Mhz Limit: 2301
Processor Information for processor 5
  Max Mhz: 2301, Current Mhz: 2010, Mhz Limit: 2301
Processor Information for processor 6
  Max Mhz: 2301, Current Mhz: 2010, Mhz Limit: 2301
Processor Information for processor 7
  Max Mhz: 2301, Current Mhz: 2010, Mhz Limit: 2301
Processor Information for processor 8
  Max Mhz: 2301, Current Mhz: 2010, Mhz Limit: 2301
Processor Information for processor 9
  Max Mhz: 2301, Current Mhz: 2010, Mhz Limit: 2301
Processor Information for processor 10
  Max Mhz: 2301, Current Mhz: 2301, Mhz Limit: 2301
Processor Information for processor 11
  Max Mhz: 2301, Current Mhz: 2010, Mhz Limit: 2301

Memory: 4k page, system-wide physical 14173M (4446M free)
TotalPageFile size 14173M (AvailPageFile size 4M)
current process WorkingSet (physical memory assigned to process): 14M, peak: 14M
current process commit charge ("private bytes"): 65M, peak: 286M

vm_info: OpenJDK 64-Bit Server VM (25+36-LTS) for windows-amd64 JRE (25+36-LTS) (Zulu25.28+85-CA), built on 2025-09-05T13:04:35Z with MS VC++ 17.1 (VS2022)

END.
